  [1m[36m (23.6ms)[0m  [1mCREATE TABLE "schema_migrations" ("version" character varying(255) NOT NULL) [0m
  [1m[35m (85.7ms)[0m  CREATE UNIQUE INDEX  "unique_schema_migrations" ON "schema_migrations"  ("version")
  [1m[36mActiveRecord::SchemaMigration Load (0.7ms)[0m  [1mSELECT "schema_migrations".* FROM "schema_migrations"[0m
Migrating to CreateUsers (20141124193256)
  [1m[35m (0.3ms)[0m  BEGIN
  [1m[36m (126.2ms)[0m  [1mCREATE TABLE "users" ("id" serial primary key, "username" character varying(255), "password_digest" character varying(255), "session_token" character varying(255), "admin" boolean DEFAULT 'f', "created_at" timestamp, "updated_at" timestamp) [0m
  [1m[35mSQL (0.4ms)[0m  INSERT INTO "schema_migrations" ("version") VALUES ($1)  [["version", "20141124193256"]]
  [1m[36m (25.3ms)[0m  [1mCOMMIT[0m
  [1m[35mActiveRecord::SchemaMigration Load (0.6ms)[0m  SELECT "schema_migrations".* FROM "schema_migrations"
  [1m[36m (0.3ms)[0m  [1mBEGIN[0m
  [1m[35mSQL (1.2ms)[0m  INSERT INTO "users" ("created_at", "updated_at", "username") VALUES ($1, $2, $3) RETURNING "id"  [["created_at", "2014-11-24 21:28:50.475781"], ["updated_at", "2014-11-24 21:28:50.475781"], ["username", "dude mang"]]
  [1m[36m (40.5ms)[0m  [1mCOMMIT[0m
  [1m[35mUser Load (1.6ms)[0m  SELECT  "users".* FROM "users"   ORDER BY "users"."id" ASC LIMIT 1


Started GET "/" for 127.0.0.1 at 2014-11-24 13:43:28 -0800
  [1m[36mActiveRecord::SchemaMigration Load (0.9ms)[0m  [1mSELECT "schema_migrations".* FROM "schema_migrations"[0m
Processing by Rails::WelcomeController#index as HTML
  Rendered /home/jayson/.rvm/gems/ruby-2.1.2/gems/railties-4.1.7/lib/rails/templates/rails/welcome/index.html.erb (12.1ms)
Completed 200 OK in 465ms (Views: 411.1ms | ActiveRecord: 0.0ms)


Started GET "/" for 127.0.0.1 at 2014-11-24 13:43:29 -0800
Processing by Rails::WelcomeController#index as HTML
  Rendered /home/jayson/.rvm/gems/ruby-2.1.2/gems/railties-4.1.7/lib/rails/templates/rails/welcome/index.html.erb (0.1ms)
Completed 200 OK in 3ms (Views: 2.4ms | ActiveRecord: 0.0ms)
  [1m[36mUser Load (0.7ms)[0m  [1mSELECT "users".* FROM "users"[0m
  [1m[36m (0.3ms)[0m  [1mBEGIN[0m
  [1m[35mSQL (1.0ms)[0m  INSERT INTO "users" ("created_at", "password_digest", "session_token", "updated_at", "username") VALUES ($1, $2, $3, $4, $5) RETURNING "id"  [["created_at", "2014-11-24 23:02:44.918654"], ["password_digest", "$2a$10$5xU8pHqomgT.La4BJA02s.IuRtNCOO9l7qBGR4DS019DKVJCdHohm"], ["session_token", "92LA_JkHVaooHUlrXNyt7g"], ["updated_at", "2014-11-24 23:02:44.918654"], ["username", "jim bob"]]
  [1m[36m (25.5ms)[0m  [1mCOMMIT[0m
  [1m[35m (0.4ms)[0m  BEGIN
  [1m[36m (0.4ms)[0m  [1mROLLBACK[0m


Started GET "/" for 127.0.0.1 at 2014-11-25 10:56:11 -0800
  [1m[36mActiveRecord::SchemaMigration Load (22.5ms)[0m  [1mSELECT "schema_migrations".* FROM "schema_migrations"[0m
Processing by Rails::WelcomeController#index as HTML
  Rendered /home/jayson/.rvm/gems/ruby-2.1.2/gems/railties-4.1.7/lib/rails/templates/rails/welcome/index.html.erb (3.2ms)
Completed 200 OK in 92ms (Views: 69.9ms | ActiveRecord: 0.0ms)
  [1m[36mUser Load (38.6ms)[0m  [1mSELECT "users".* FROM "users"[0m
  [1m[36mUser Load (0.7ms)[0m  [1mSELECT "users".* FROM "users"[0m
  [1m[36mActiveRecord::SchemaMigration Load (0.6ms)[0m  [1mSELECT "schema_migrations".* FROM "schema_migrations"[0m
Migrating to CreatePredictions (20141125191032)
  [1m[35m (0.3ms)[0m  BEGIN
  [1m[36m (348.6ms)[0m  [1mCREATE TABLE "predictions" ("id" serial primary key, "user_id" integer NOT NULL, "statement" character varying(255) NOT NULL, "deadline" timestamp NOT NULL, "created_at" timestamp, "updated_at" timestamp) [0m
  [1m[35m (52.5ms)[0m  CREATE  INDEX  "index_predictions_on_user_id" ON "predictions"  ("user_id")
  [1m[36mSQL (0.5ms)[0m  [1mINSERT INTO "schema_migrations" ("version") VALUES ($1)[0m  [["version", "20141125191032"]]
  [1m[35m (19.7ms)[0m  COMMIT
  [1m[36mActiveRecord::SchemaMigration Load (0.5ms)[0m  [1mSELECT "schema_migrations".* FROM "schema_migrations"[0m
  [1m[36mPrediction Load (1.4ms)[0m  [1mSELECT "predictions".* FROM "predictions"[0m
  [1m[35m (0.5ms)[0m  BEGIN
  [1m[36mSQL (1.4ms)[0m  [1mINSERT INTO "predictions" ("created_at", "statement", "updated_at", "user_id") VALUES ($1, $2, $3, $4) RETURNING "id"[0m  [["created_at", "2014-11-25 19:14:32.122735"], ["statement", "The world will end tomorrow."], ["updated_at", "2014-11-25 19:14:32.122735"], ["user_id", 1]]
PG::NotNullViolation: ERROR:  null value in column "deadline" violates not-null constraint
DETAIL:  Failing row contains (1, 1, The world will end tomorrow., null, 2014-11-25 19:14:32.122735, 2014-11-25 19:14:32.122735).
: INSERT INTO "predictions" ("created_at", "statement", "updated_at", "user_id") VALUES ($1, $2, $3, $4) RETURNING "id"
  [1m[35m (0.2ms)[0m  ROLLBACK
  [1m[36m (0.4ms)[0m  [1mBEGIN[0m
  [1m[35mSQL (1.1ms)[0m  INSERT INTO "predictions" ("created_at", "deadline", "statement", "updated_at", "user_id") VALUES ($1, $2, $3, $4, $5) RETURNING "id"  [["created_at", "2014-11-25 19:14:32.122735"], ["deadline", "2014-11-25 19:17:23.190629"], ["statement", "The world will end tomorrow."], ["updated_at", "2014-11-25 19:14:32.122735"], ["user_id", 1]]
  [1m[36m (38.3ms)[0m  [1mCOMMIT[0m
  [1m[35mPrediction Load (1.0ms)[0m  SELECT "predictions".* FROM "predictions"
